[ 2016-08-23T18:38:23+08:00 ] 127.0.0.1 /
INFO: [ app_init ] --START--
INFO: Run Behavior\BuildLiteBehavior [ RunTime:0.000026s ]
INFO: [ app_init ] --END-- [ RunTime:0.026758s ]
INFO: [ app_begin ] --START--
INFO: Run Behavior\ReadHtmlCacheBehavior [ RunTime:0.023262s ]
INFO: [ app_begin ] --END-- [ RunTime:0.023397s ]
INFO: [ view_parse ] --START--
INFO: [ template_filter ] --START--
INFO: Run Behavior\ContentReplaceBehavior [ RunTime:0.000146s ]
INFO: [ template_filter ] --END-- [ RunTime:0.000232s ]
NOTIC: [8] Undefined variable: user G:\wamp\doubanmovie\Application\Runtime\Cache\Home\2a94b8bda04ff446dcedd42276fc99ee.php 第 18 行.
NOTIC: [8] Undefined variable: conf G:\wamp\doubanmovie\Application\Runtime\Cache\Home\2a94b8bda04ff446dcedd42276fc99ee.php 第 37 行.
NOTIC: [8] Undefined variable: moviesInfo G:\wamp\doubanmovie\Application\Runtime\Cache\Home\2a94b8bda04ff446dcedd42276fc99ee.php 第 81 行.
NOTIC: [8] Undefined variable: tag G:\wamp\doubanmovie\Application\Runtime\Cache\Home\2a94b8bda04ff446dcedd42276fc99ee.php 第 111 行.
NOTIC: [8] Undefined variable: flinks G:\wamp\doubanmovie\Application\Runtime\Cache\Home\2a94b8bda04ff446dcedd42276fc99ee.php 第 182 行.
NOTIC: [8] Undefined variable: conf G:\wamp\doubanmovie\Application\Runtime\Cache\Home\2a94b8bda04ff446dcedd42276fc99ee.php 第 232 行.
INFO: Run Behavior\ParseTemplateBehavior [ RunTime:0.084351s ]
INFO: [ view_parse ] --END-- [ RunTime:0.084441s ]
INFO: [ view_filter ] --START--
INFO: Run Behavior\WriteHtmlCacheBehavior [ RunTime:0.004558s ]
INFO: [ view_filter ] --END-- [ RunTime:0.004660s ]
INFO: [ app_end ] --START--
INFO: Run Behavior\ShowPageTraceBehavior [ RunTime:0.002145s ]
INFO: [ app_end ] --END-- [ RunTime:0.002244s ]

[ 2016-08-23T18:38:27+08:00 ] 127.0.0.1 /index.php/Home/classes/classes
INFO: [ app_init ] --START--
INFO: Run Behavior\BuildLiteBehavior [ RunTime:0.000017s ]
INFO: [ app_init ] --END-- [ RunTime:0.000393s ]
INFO: [ app_begin ] --START--
INFO: Run Behavior\ReadHtmlCacheBehavior [ RunTime:0.000563s ]
INFO: [ app_begin ] --END-- [ RunTime:0.000632s ]
ERR: 无法加载控制器:Classes

[ 2016-08-23T18:43:47+08:00 ] 127.0.0.1 /
INFO: [ app_init ] --START--
INFO: Run Behavior\BuildLiteBehavior [ RunTime:0.000021s ]
INFO: [ app_init ] --END-- [ RunTime:0.000572s ]
INFO: [ app_begin ] --START--
INFO: Run Behavior\ReadHtmlCacheBehavior [ RunTime:0.000913s ]
INFO: [ app_begin ] --END-- [ RunTime:0.001016s ]
INFO: [ view_parse ] --START--
INFO: [ template_filter ] --START--
INFO: Run Behavior\ContentReplaceBehavior [ RunTime:0.000135s ]
INFO: [ template_filter ] --END-- [ RunTime:0.000220s ]
NOTIC: [8] Undefined variable: user G:\wamp\doubanmovie\Application\Runtime\Cache\Home\2a94b8bda04ff446dcedd42276fc99ee.php 第 18 行.
NOTIC: [8] Undefined variable: conf G:\wamp\doubanmovie\Application\Runtime\Cache\Home\2a94b8bda04ff446dcedd42276fc99ee.php 第 37 行.
NOTIC: [8] Undefined variable: moviesInfo G:\wamp\doubanmovie\Application\Runtime\Cache\Home\2a94b8bda04ff446dcedd42276fc99ee.php 第 81 行.
NOTIC: [8] Undefined variable: tag G:\wamp\doubanmovie\Application\Runtime\Cache\Home\2a94b8bda04ff446dcedd42276fc99ee.php 第 111 行.
NOTIC: [8] Undefined variable: flinks G:\wamp\doubanmovie\Application\Runtime\Cache\Home\2a94b8bda04ff446dcedd42276fc99ee.php 第 182 行.
NOTIC: [8] Undefined variable: conf G:\wamp\doubanmovie\Application\Runtime\Cache\Home\2a94b8bda04ff446dcedd42276fc99ee.php 第 232 行.
INFO: Run Behavior\ParseTemplateBehavior [ RunTime:0.018463s ]
INFO: [ view_parse ] --END-- [ RunTime:0.018549s ]
INFO: [ view_filter ] --START--
INFO: Run Behavior\WriteHtmlCacheBehavior [ RunTime:0.000465s ]
INFO: [ view_filter ] --END-- [ RunTime:0.000545s ]
INFO: [ app_end ] --START--
INFO: Run Behavior\ShowPageTraceBehavior [ RunTime:0.000811s ]
INFO: [ app_end ] --END-- [ RunTime:0.000883s ]

[ 2016-08-23T18:45:33+08:00 ] 127.0.0.1 /
INFO: [ app_init ] --START--
INFO: Run Behavior\BuildLiteBehavior [ RunTime:0.000017s ]
INFO: [ app_init ] --END-- [ RunTime:0.000480s ]
INFO: [ app_begin ] --START--
INFO: Run Behavior\ReadHtmlCacheBehavior [ RunTime:0.000735s ]
INFO: [ app_begin ] --END-- [ RunTime:0.000807s ]
INFO: [ view_parse ] --START--
INFO: [ template_filter ] --START--
INFO: Run Behavior\ContentReplaceBehavior [ RunTime:0.000081s ]
INFO: [ template_filter ] --END-- [ RunTime:0.000166s ]
NOTIC: [8] Undefined variable: user G:\wamp\doubanmovie\Application\Runtime\Cache\Home\2a94b8bda04ff446dcedd42276fc99ee.php 第 18 行.
NOTIC: [8] Undefined variable: conf G:\wamp\doubanmovie\Application\Runtime\Cache\Home\2a94b8bda04ff446dcedd42276fc99ee.php 第 37 行.
NOTIC: [8] Undefined variable: conf G:\wamp\doubanmovie\Application\Runtime\Cache\Home\2a94b8bda04ff446dcedd42276fc99ee.php 第 84 行.
INFO: Run Behavior\ParseTemplateBehavior [ RunTime:0.011851s ]
INFO: [ view_parse ] --END-- [ RunTime:0.011938s ]
INFO: [ view_filter ] --START--
INFO: Run Behavior\WriteHtmlCacheBehavior [ RunTime:0.000472s ]
INFO: [ view_filter ] --END-- [ RunTime:0.000543s ]
INFO: [ app_end ] --START--
INFO: Run Behavior\ShowPageTraceBehavior [ RunTime:0.000691s ]
INFO: [ app_end ] --END-- [ RunTime:0.000758s ]

[ 2016-08-23T18:58:12+08:00 ] 127.0.0.1 /
INFO: [ app_init ] --START--
INFO: Run Behavior\BuildLiteBehavior [ RunTime:0.000017s ]
INFO: [ app_init ] --END-- [ RunTime:0.000475s ]
INFO: [ app_begin ] --START--
INFO: Run Behavior\ReadHtmlCacheBehavior [ RunTime:0.000750s ]
INFO: [ app_begin ] --END-- [ RunTime:0.000823s ]
INFO: [ view_parse ] --START--
INFO: [ template_filter ] --START--
INFO: Run Behavior\ContentReplaceBehavior [ RunTime:0.000083s ]
INFO: [ template_filter ] --END-- [ RunTime:0.000170s ]
NOTIC: [8] Undefined variable: user G:\wamp\doubanmovie\Application\Runtime\Cache\Home\2a94b8bda04ff446dcedd42276fc99ee.php 第 18 行.
NOTIC: [8] Undefined variable: conf G:\wamp\doubanmovie\Application\Runtime\Cache\Home\2a94b8bda04ff446dcedd42276fc99ee.php 第 37 行.
NOTIC: [8] Undefined variable: conf G:\wamp\doubanmovie\Application\Runtime\Cache\Home\2a94b8bda04ff446dcedd42276fc99ee.php 第 84 行.
INFO: Run Behavior\ParseTemplateBehavior [ RunTime:0.012249s ]
INFO: [ view_parse ] --END-- [ RunTime:0.012334s ]
INFO: [ view_filter ] --START--
INFO: Run Behavior\WriteHtmlCacheBehavior [ RunTime:0.000440s ]
INFO: [ view_filter ] --END-- [ RunTime:0.000511s ]
INFO: [ app_end ] --START--
INFO: Run Behavior\ShowPageTraceBehavior [ RunTime:0.000694s ]
INFO: [ app_end ] --END-- [ RunTime:0.000762s ]

[ 2016-08-23T18:58:47+08:00 ] 127.0.0.1 /
INFO: [ app_init ] --START--
INFO: Run Behavior\BuildLiteBehavior [ RunTime:0.000026s ]
INFO: [ app_init ] --END-- [ RunTime:0.000614s ]
INFO: [ app_begin ] --START--
INFO: Run Behavior\ReadHtmlCacheBehavior [ RunTime:0.000577s ]
INFO: [ app_begin ] --END-- [ RunTime:0.000649s ]
INFO: [ view_parse ] --START--
INFO: [ template_filter ] --START--
INFO: Run Behavior\ContentReplaceBehavior [ RunTime:0.000098s ]
INFO: [ template_filter ] --END-- [ RunTime:0.000206s ]
NOTIC: [8] Undefined variable: user G:\wamp\doubanmovie\Application\Runtime\Cache\Home\2a94b8bda04ff446dcedd42276fc99ee.php 第 17 行.
NOTIC: [8] Undefined variable: conf G:\wamp\doubanmovie\Application\Runtime\Cache\Home\2a94b8bda04ff446dcedd42276fc99ee.php 第 36 行.
NOTIC: [8] Undefined variable: conf G:\wamp\doubanmovie\Application\Runtime\Cache\Home\2a94b8bda04ff446dcedd42276fc99ee.php 第 83 行.
INFO: Run Behavior\ParseTemplateBehavior [ RunTime:0.009414s ]
INFO: [ view_parse ] --END-- [ RunTime:0.009496s ]
INFO: [ view_filter ] --START--
INFO: Run Behavior\WriteHtmlCacheBehavior [ RunTime:0.000437s ]
INFO: [ view_filter ] --END-- [ RunTime:0.000529s ]
INFO: [ app_end ] --START--
INFO: Run Behavior\ShowPageTraceBehavior [ RunTime:0.000874s ]
INFO: [ app_end ] --END-- [ RunTime:0.000972s ]

[ 2016-08-23T19:01:14+08:00 ] 127.0.0.1 /
INFO: [ app_init ] --START--
INFO: Run Behavior\BuildLiteBehavior [ RunTime:0.000018s ]
INFO: [ app_init ] --END-- [ RunTime:0.000456s ]
INFO: [ app_begin ] --START--
INFO: Run Behavior\ReadHtmlCacheBehavior [ RunTime:0.000801s ]
INFO: [ app_begin ] --END-- [ RunTime:0.001001s ]
INFO: [ view_parse ] --START--
INFO: [ template_filter ] --START--
INFO: Run Behavior\ContentReplaceBehavior [ RunTime:0.000390s ]
INFO: [ template_filter ] --END-- [ RunTime:0.000505s ]
INFO: Run Behavior\ParseTemplateBehavior [ RunTime:0.047418s ]
INFO: [ view_parse ] --END-- [ RunTime:0.047526s ]
INFO: [ view_filter ] --START--
INFO: Run Behavior\WriteHtmlCacheBehavior [ RunTime:0.000445s ]
INFO: [ view_filter ] --END-- [ RunTime:0.000515s ]
INFO: [ app_end ] --START--
INFO: Run Behavior\ShowPageTraceBehavior [ RunTime:0.000933s ]
INFO: [ app_end ] --END-- [ RunTime:0.001031s ]

[ 2016-08-23T19:01:40+08:00 ] 127.0.0.1 /
INFO: [ app_init ] --START--
INFO: Run Behavior\BuildLiteBehavior [ RunTime:0.000017s ]
INFO: [ app_init ] --END-- [ RunTime:0.000402s ]
INFO: [ app_begin ] --START--
INFO: Run Behavior\ReadHtmlCacheBehavior [ RunTime:0.000732s ]
INFO: [ app_begin ] --END-- [ RunTime:0.000833s ]
INFO: [ view_parse ] --START--
INFO: [ template_filter ] --START--
INFO: Run Behavior\ContentReplaceBehavior [ RunTime:0.000399s ]
INFO: [ template_filter ] --END-- [ RunTime:0.000517s ]
INFO: Run Behavior\ParseTemplateBehavior [ RunTime:0.029010s ]
INFO: [ view_parse ] --END-- [ RunTime:0.029115s ]
INFO: [ view_filter ] --START--
INFO: Run Behavior\WriteHtmlCacheBehavior [ RunTime:0.000299s ]
INFO: [ view_filter ] --END-- [ RunTime:0.000432s ]
INFO: [ app_end ] --START--
INFO: Run Behavior\ShowPageTraceBehavior [ RunTime:0.000962s ]
INFO: [ app_end ] --END-- [ RunTime:0.001094s ]

[ 2016-08-23T19:03:36+08:00 ] 127.0.0.1 /
INFO: [ app_init ] --START--
INFO: Run Behavior\BuildLiteBehavior [ RunTime:0.000020s ]
INFO: [ app_init ] --END-- [ RunTime:0.000568s ]
INFO: [ app_begin ] --START--
INFO: Run Behavior\ReadHtmlCacheBehavior [ RunTime:0.001037s ]
INFO: [ app_begin ] --END-- [ RunTime:0.001194s ]
INFO: [ view_parse ] --START--
INFO: [ template_filter ] --START--
INFO: Run Behavior\ContentReplaceBehavior [ RunTime:0.000487s ]
INFO: [ template_filter ] --END-- [ RunTime:0.000606s ]
INFO: Run Behavior\ParseTemplateBehavior [ RunTime:0.039964s ]
INFO: [ view_parse ] --END-- [ RunTime:0.040103s ]
INFO: [ view_filter ] --START--
INFO: Run Behavior\WriteHtmlCacheBehavior [ RunTime:0.000517s ]
INFO: [ view_filter ] --END-- [ RunTime:0.000598s ]
INFO: [ app_end ] --START--
INFO: Run Behavior\ShowPageTraceBehavior [ RunTime:0.001221s ]
INFO: [ app_end ] --END-- [ RunTime:0.001365s ]

[ 2016-08-23T19:07:42+08:00 ] 127.0.0.1 /
INFO: [ app_init ] --START--
INFO: Run Behavior\BuildLiteBehavior [ RunTime:0.000018s ]
INFO: [ app_init ] --END-- [ RunTime:0.000460s ]
INFO: [ app_begin ] --START--
INFO: Run Behavior\ReadHtmlCacheBehavior [ RunTime:0.000727s ]
INFO: [ app_begin ] --END-- [ RunTime:0.000800s ]
INFO: [ view_parse ] --START--
INFO: [ template_filter ] --START--
INFO: Run Behavior\ContentReplaceBehavior [ RunTime:0.000309s ]
INFO: [ template_filter ] --END-- [ RunTime:0.000406s ]
INFO: Run Behavior\ParseTemplateBehavior [ RunTime:0.058890s ]
INFO: [ view_parse ] --END-- [ RunTime:0.059012s ]
INFO: [ view_filter ] --START--
INFO: Run Behavior\WriteHtmlCacheBehavior [ RunTime:0.000922s ]
INFO: [ view_filter ] --END-- [ RunTime:0.001014s ]
INFO: [ app_end ] --START--
INFO: Run Behavior\ShowPageTraceBehavior [ RunTime:0.001189s ]
INFO: [ app_end ] --END-- [ RunTime:0.001327s ]

[ 2016-08-23T19:08:11+08:00 ] 127.0.0.1 /
INFO: [ app_init ] --START--
INFO: Run Behavior\BuildLiteBehavior [ RunTime:0.000034s ]
INFO: [ app_init ] --END-- [ RunTime:0.001038s ]
INFO: [ app_begin ] --START--
INFO: Run Behavior\ReadHtmlCacheBehavior [ RunTime:0.001129s ]
INFO: [ app_begin ] --END-- [ RunTime:0.001251s ]
INFO: [ view_parse ] --START--
INFO: [ template_filter ] --START--
INFO: Run Behavior\ContentReplaceBehavior [ RunTime:0.000378s ]
INFO: [ template_filter ] --END-- [ RunTime:0.000490s ]
INFO: Run Behavior\ParseTemplateBehavior [ RunTime:0.041906s ]
INFO: [ view_parse ] --END-- [ RunTime:0.042135s ]
INFO: [ view_filter ] --START--
INFO: Run Behavior\WriteHtmlCacheBehavior [ RunTime:0.003431s ]
INFO: [ view_filter ] --END-- [ RunTime:0.003990s ]
INFO: [ app_end ] --START--
INFO: Run Behavior\ShowPageTraceBehavior [ RunTime:0.001429s ]
INFO: [ app_end ] --END-- [ RunTime:0.001538s ]

[ 2016-08-23T20:09:06+08:00 ] 127.0.0.1 /
INFO: [ app_init ] --START--
INFO: Run Behavior\BuildLiteBehavior [ RunTime:0.000033s ]
INFO: [ app_init ] --END-- [ RunTime:0.000961s ]
INFO: [ app_begin ] --START--
INFO: Run Behavior\ReadHtmlCacheBehavior [ RunTime:0.001467s ]
INFO: [ app_begin ] --END-- [ RunTime:0.001586s ]
INFO: [ view_parse ] --START--
INFO: [ template_filter ] --START--
INFO: Run Behavior\ContentReplaceBehavior [ RunTime:0.000460s ]
INFO: [ template_filter ] --END-- [ RunTime:0.000575s ]
INFO: Run Behavior\ParseTemplateBehavior [ RunTime:0.084404s ]
INFO: [ view_parse ] --END-- [ RunTime:0.084551s ]
INFO: [ view_filter ] --START--
INFO: Run Behavior\WriteHtmlCacheBehavior [ RunTime:0.000957s ]
INFO: [ view_filter ] --END-- [ RunTime:0.001052s ]
INFO: [ app_end ] --START--
INFO: Run Behavior\ShowPageTraceBehavior [ RunTime:0.001296s ]
INFO: [ app_end ] --END-- [ RunTime:0.001414s ]

