[ 2016-09-01T01:18:01+08:00 ] 127.0.0.1 /ad/tongji.js
INFO: [ app_init ] --START--
INFO: Run Behavior\BuildLiteBehavior [ RunTime:0.000023s ]
INFO: [ app_init ] --END-- [ RunTime:0.000593s ]
ERR: 无法加载模块:Ad

[ 2016-09-01T01:18:01+08:00 ] 127.0.0.1 /template/m2014/js/layer/layer.js?v=1.93
INFO: [ app_init ] --START--
INFO: Run Behavior\BuildLiteBehavior [ RunTime:0.000034s ]
INFO: [ app_init ] --END-- [ RunTime:0.001297s ]
ERR: 无法加载模块:Template

[ 2016-09-01T01:18:01+08:00 ] 127.0.0.1 /favicon.ico
INFO: [ app_init ] --START--
INFO: Run Behavior\BuildLiteBehavior [ RunTime:0.000023s ]
INFO: [ app_init ] --END-- [ RunTime:0.000714s ]
ERR: 无法加载模块:Favicon

[ 2016-09-01T01:18:01+08:00 ] 127.0.0.1 /ad/tongji.js
INFO: [ app_init ] --START--
INFO: Run Behavior\BuildLiteBehavior [ RunTime:0.000030s ]
INFO: [ app_init ] --END-- [ RunTime:0.000710s ]
ERR: 无法加载模块:Ad

[ 2016-09-01T01:18:02+08:00 ] 127.0.0.1 /template/m2014/js/layer/layer.js?v=1.93
INFO: [ app_init ] --START--
INFO: Run Behavior\BuildLiteBehavior [ RunTime:0.000023s ]
INFO: [ app_init ] --END-- [ RunTime:0.000612s ]
ERR: 无法加载模块:Template

[ 2016-09-01T01:19:19+08:00 ] 127.0.0.1 /xiazai/id20018.html
INFO: [ app_init ] --START--
INFO: Run Behavior\BuildLiteBehavior [ RunTime:0.000027s ]
INFO: [ app_init ] --END-- [ RunTime:0.000726s ]
ERR: 无法加载模块:Xiazai

[ 2016-09-01T01:19:35+08:00 ] 127.0.0.1 /xiazai/id23313.html
INFO: [ app_init ] --START--
INFO: Run Behavior\BuildLiteBehavior [ RunTime:0.000032s ]
INFO: [ app_init ] --END-- [ RunTime:0.000874s ]
ERR: 无法加载模块:Xiazai

[ 2016-09-01T01:20:03+08:00 ] 127.0.0.1 /ad/tongji.js
INFO: [ app_init ] --START--
INFO: Run Behavior\BuildLiteBehavior [ RunTime:0.000061s ]
INFO: [ app_init ] --END-- [ RunTime:0.000761s ]
ERR: 无法加载模块:Ad

[ 2016-09-01T01:20:03+08:00 ] 127.0.0.1 /template/m2014/js/layer/layer.js?v=1.93
INFO: [ app_init ] --START--
INFO: Run Behavior\BuildLiteBehavior [ RunTime:0.000025s ]
INFO: [ app_init ] --END-- [ RunTime:0.000787s ]
ERR: 无法加载模块:Template

[ 2016-09-01T01:20:03+08:00 ] 127.0.0.1 /ad/tongji.js
INFO: [ app_init ] --START--
INFO: Run Behavior\BuildLiteBehavior [ RunTime:0.000025s ]
INFO: [ app_init ] --END-- [ RunTime:0.000599s ]
ERR: 无法加载模块:Ad

[ 2016-09-01T01:20:03+08:00 ] 127.0.0.1 /template/m2014/js/layer/layer.js?v=1.93
INFO: [ app_init ] --START--
INFO: Run Behavior\BuildLiteBehavior [ RunTime:0.000020s ]
INFO: [ app_init ] --END-- [ RunTime:0.000548s ]
ERR: 无法加载模块:Template

[ 2016-09-01T01:21:02+08:00 ] 127.0.0.1 /fenlei/2_2.html
INFO: [ app_init ] --START--
INFO: Run Behavior\BuildLiteBehavior [ RunTime:0.000036s ]
INFO: [ app_init ] --END-- [ RunTime:0.000889s ]
ERR: 无法加载模块:Fenlei

[ 2016-09-01T01:21:32+08:00 ] 127.0.0.1 /xiazai/id23859.html
INFO: [ app_init ] --START--
INFO: Run Behavior\BuildLiteBehavior [ RunTime:0.000021s ]
INFO: [ app_init ] --END-- [ RunTime:0.000628s ]
ERR: 无法加载模块:Xiazai

[ 2016-09-01T01:37:49+08:00 ] 127.0.0.1 /xiazai/id23859.html
INFO: [ app_init ] --START--
INFO: Run Behavior\BuildLiteBehavior [ RunTime:0.000033s ]
INFO: [ app_init ] --END-- [ RunTime:0.000906s ]
ERR: 无法加载模块:Xiazai

[ 2016-09-01T13:11:44+08:00 ] 127.0.0.1 /template/m2014/js/layer/layer.js?v=1.93
INFO: [ app_init ] --START--
INFO: Run Behavior\BuildLiteBehavior [ RunTime:0.000027s ]
INFO: [ app_init ] --END-- [ RunTime:0.000848s ]
ERR: 无法加载模块:Template

[ 2016-09-01T13:11:44+08:00 ] 127.0.0.1 /ad/tongji.js
INFO: [ app_init ] --START--
INFO: Run Behavior\BuildLiteBehavior [ RunTime:0.000020s ]
INFO: [ app_init ] --END-- [ RunTime:0.000558s ]
ERR: 无法加载模块:Ad

[ 2016-09-01T13:11:46+08:00 ] 127.0.0.1 /favicon.ico
INFO: [ app_init ] --START--
INFO: Run Behavior\BuildLiteBehavior [ RunTime:0.000022s ]
INFO: [ app_init ] --END-- [ RunTime:0.000585s ]
ERR: 无法加载模块:Favicon

[ 2016-09-01T13:11:47+08:00 ] 127.0.0.1 /ad/tongji.js
INFO: [ app_init ] --START--
INFO: Run Behavior\BuildLiteBehavior [ RunTime:0.000031s ]
INFO: [ app_init ] --END-- [ RunTime:0.000642s ]
ERR: 无法加载模块:Ad

[ 2016-09-01T13:11:47+08:00 ] 127.0.0.1 /template/m2014/js/layer/layer.js?v=1.93
INFO: [ app_init ] --START--
INFO: Run Behavior\BuildLiteBehavior [ RunTime:0.000028s ]
INFO: [ app_init ] --END-- [ RunTime:0.000752s ]
ERR: 无法加载模块:Template

[ 2016-09-01T13:12:32+08:00 ] 127.0.0.1 /ad/tongji.js
INFO: [ app_init ] --START--
INFO: Run Behavior\BuildLiteBehavior [ RunTime:0.000026s ]
INFO: [ app_init ] --END-- [ RunTime:0.000744s ]
ERR: 无法加载模块:Ad

[ 2016-09-01T13:12:32+08:00 ] 127.0.0.1 /template/m2014/js/layer/layer.js?v=1.93
INFO: [ app_init ] --START--
INFO: Run Behavior\BuildLiteBehavior [ RunTime:0.000027s ]
INFO: [ app_init ] --END-- [ RunTime:0.000646s ]
ERR: 无法加载模块:Template

[ 2016-09-01T13:12:33+08:00 ] 127.0.0.1 /ad/tongji.js
INFO: [ app_init ] --START--
INFO: Run Behavior\BuildLiteBehavior [ RunTime:0.000024s ]
INFO: [ app_init ] --END-- [ RunTime:0.000637s ]
ERR: 无法加载模块:Ad

[ 2016-09-01T13:12:33+08:00 ] 127.0.0.1 /template/m2014/js/layer/layer.js?v=1.93
INFO: [ app_init ] --START--
INFO: Run Behavior\BuildLiteBehavior [ RunTime:0.000021s ]
INFO: [ app_init ] --END-- [ RunTime:0.000565s ]
ERR: 无法加载模块:Template

[ 2016-09-01T13:15:59+08:00 ] 127.0.0.1 /ad/tongji.js
INFO: [ app_init ] --START--
INFO: Run Behavior\BuildLiteBehavior [ RunTime:0.000025s ]
INFO: [ app_init ] --END-- [ RunTime:0.000681s ]
ERR: 无法加载模块:Ad

[ 2016-09-01T13:15:59+08:00 ] 127.0.0.1 /template/m2014/js/layer/layer.js?v=1.93
INFO: [ app_init ] --START--
INFO: Run Behavior\BuildLiteBehavior [ RunTime:0.000022s ]
INFO: [ app_init ] --END-- [ RunTime:0.000559s ]
ERR: 无法加载模块:Template

[ 2016-09-01T13:15:59+08:00 ] 127.0.0.1 /template/m2014/js/layer/layer.js?v=1.93
INFO: [ app_init ] --START--
INFO: Run Behavior\BuildLiteBehavior [ RunTime:0.000019s ]
INFO: [ app_init ] --END-- [ RunTime:0.000472s ]
ERR: 无法加载模块:Template

[ 2016-09-01T13:16:14+08:00 ] 127.0.0.1 /search.asp?k=%E7%A9%BF%E8%B6%8A&t=2
INFO: [ app_init ] --START--
INFO: Run Behavior\BuildLiteBehavior [ RunTime:0.000021s ]
INFO: [ app_init ] --END-- [ RunTime:0.000545s ]
ERR: 无法加载模块:Search

[ 2016-09-01T13:16:33+08:00 ] 127.0.0.1 /ad/tongji.js
INFO: [ app_init ] --START--
INFO: Run Behavior\BuildLiteBehavior [ RunTime:0.000022s ]
INFO: [ app_init ] --END-- [ RunTime:0.000626s ]
ERR: 无法加载模块:Ad

[ 2016-09-01T13:16:33+08:00 ] 127.0.0.1 /template/m2014/js/layer/layer.js?v=1.93
INFO: [ app_init ] --START--
INFO: Run Behavior\BuildLiteBehavior [ RunTime:0.000025s ]
INFO: [ app_init ] --END-- [ RunTime:0.000728s ]
ERR: 无法加载模块:Template

[ 2016-09-01T13:16:33+08:00 ] 127.0.0.1 /template/m2014/js/layer/layer.js?v=1.93
INFO: [ app_init ] --START--
INFO: Run Behavior\BuildLiteBehavior [ RunTime:0.000022s ]
INFO: [ app_init ] --END-- [ RunTime:0.000612s ]
ERR: 无法加载模块:Template

