[ 2016-08-24T12:45:16+08:00 ] 127.0.0.1 /MovieGroup/Public/Uploads/image/190438.47379980_1000X1000.jpg
INFO: [ app_init ] --START--
INFO: Run Behavior\BuildLiteBehavior [ RunTime:0.000057s ]
INFO: [ app_init ] --END-- [ RunTime:0.001382s ]
ERR: 无法加载模块:MovieGroup

[ 2016-08-24T12:45:16+08:00 ] 127.0.0.1 /MovieGroup/Public/Uploads/image/164722.25268777_1000X1000.jpg
INFO: [ app_init ] --START--
INFO: Run Behavior\BuildLiteBehavior [ RunTime:0.000022s ]
INFO: [ app_init ] --END-- [ RunTime:0.001438s ]
ERR: 无法加载模块:MovieGroup

[ 2016-08-24T12:45:16+08:00 ] 127.0.0.1 /MovieGroup/Public/Uploads/image/092907.99989246_1000X1000.jpg
INFO: [ app_init ] --START--
INFO: Run Behavior\BuildLiteBehavior [ RunTime:0.000023s ]
INFO: [ app_init ] --END-- [ RunTime:0.001395s ]
ERR: 无法加载模块:MovieGroup

[ 2016-08-24T12:45:16+08:00 ] 127.0.0.1 /MovieGroup/Public/Uploads/image/140732.49359995_1000X1000.jpg
INFO: [ app_init ] --START--
INFO: Run Behavior\BuildLiteBehavior [ RunTime:0.000027s ]
INFO: [ app_init ] --END-- [ RunTime:0.001373s ]
ERR: 无法加载模块:MovieGroup

[ 2016-08-24T12:45:43+08:00 ] 127.0.0.1 /MovieGroup/Public/Uploads/image/164722.25268777_1000X1000.jpg
INFO: [ app_init ] --START--
INFO: Run Behavior\BuildLiteBehavior [ RunTime:0.000024s ]
INFO: [ app_init ] --END-- [ RunTime:0.000753s ]
ERR: 无法加载模块:MovieGroup

[ 2016-08-24T12:45:43+08:00 ] 127.0.0.1 /MovieGroup/Public/Uploads/image/190438.47379980_1000X1000.jpg
INFO: [ app_init ] --START--
INFO: Run Behavior\BuildLiteBehavior [ RunTime:0.000268s ]
INFO: [ app_init ] --END-- [ RunTime:0.001199s ]
ERR: 无法加载模块:MovieGroup

[ 2016-08-24T12:45:43+08:00 ] 127.0.0.1 /MovieGroup/Public/Uploads/image/140732.49359995_1000X1000.jpg
INFO: [ app_init ] --START--
INFO: Run Behavior\BuildLiteBehavior [ RunTime:0.000027s ]
INFO: [ app_init ] --END-- [ RunTime:0.000794s ]
ERR: 无法加载模块:MovieGroup

[ 2016-08-24T12:45:43+08:00 ] 127.0.0.1 /MovieGroup/Public/Uploads/image/092907.99989246_1000X1000.jpg
INFO: [ app_init ] --START--
INFO: Run Behavior\BuildLiteBehavior [ RunTime:0.000021s ]
INFO: [ app_init ] --END-- [ RunTime:0.000572s ]
ERR: 无法加载模块:MovieGroup

[ 2016-08-24T12:45:44+08:00 ] 127.0.0.1 /MovieGroup/Public/Uploads/image/092907.99989246_1000X1000.jpg
INFO: [ app_init ] --START--
INFO: Run Behavior\BuildLiteBehavior [ RunTime:0.000024s ]
INFO: [ app_init ] --END-- [ RunTime:0.000619s ]
ERR: 无法加载模块:MovieGroup

[ 2016-08-24T12:45:44+08:00 ] 127.0.0.1 /MovieGroup/Public/Uploads/image/140732.49359995_1000X1000.jpg
INFO: [ app_init ] --START--
INFO: Run Behavior\BuildLiteBehavior [ RunTime:0.000026s ]
INFO: [ app_init ] --END-- [ RunTime:0.000606s ]
ERR: 无法加载模块:MovieGroup

[ 2016-08-24T12:45:44+08:00 ] 127.0.0.1 /MovieGroup/Public/Uploads/image/164722.25268777_1000X1000.jpg
INFO: [ app_init ] --START--
INFO: Run Behavior\BuildLiteBehavior [ RunTime:0.000026s ]
INFO: [ app_init ] --END-- [ RunTime:0.000644s ]
ERR: 无法加载模块:MovieGroup

[ 2016-08-24T12:45:44+08:00 ] 127.0.0.1 /MovieGroup/Public/Uploads/image/190438.47379980_1000X1000.jpg
INFO: [ app_init ] --START--
INFO: Run Behavior\BuildLiteBehavior [ RunTime:0.000021s ]
INFO: [ app_init ] --END-- [ RunTime:0.000526s ]
ERR: 无法加载模块:MovieGroup

[ 2016-08-24T12:46:17+08:00 ] 127.0.0.1 /MovieGroup/Public/Uploads/image/190438.47379980_1000X1000.jpg
INFO: [ app_init ] --START--
INFO: Run Behavior\BuildLiteBehavior [ RunTime:0.000047s ]
INFO: [ app_init ] --END-- [ RunTime:0.000721s ]
ERR: 无法加载模块:MovieGroup

[ 2016-08-24T12:46:17+08:00 ] 127.0.0.1 /MovieGroup/Public/Uploads/image/092907.99989246_1000X1000.jpg
INFO: [ app_init ] --START--
INFO: Run Behavior\BuildLiteBehavior [ RunTime:0.000059s ]
INFO: [ app_init ] --END-- [ RunTime:0.000713s ]
ERR: 无法加载模块:MovieGroup

[ 2016-08-24T12:46:17+08:00 ] 127.0.0.1 /MovieGroup/Public/Uploads/image/164722.25268777_1000X1000.jpg
INFO: [ app_init ] --START--
INFO: Run Behavior\BuildLiteBehavior [ RunTime:0.000025s ]
INFO: [ app_init ] --END-- [ RunTime:0.000600s ]
ERR: 无法加载模块:MovieGroup

[ 2016-08-24T12:46:17+08:00 ] 127.0.0.1 /MovieGroup/Public/Uploads/image/140732.49359995_1000X1000.jpg
INFO: [ app_init ] --START--
INFO: Run Behavior\BuildLiteBehavior [ RunTime:0.000026s ]
INFO: [ app_init ] --END-- [ RunTime:0.000722s ]
ERR: 无法加载模块:MovieGroup

[ 2016-08-24T12:46:17+08:00 ] 127.0.0.1 /MovieGroup/Public/Uploads/image/190438.47379980_1000X1000.jpg
INFO: [ app_init ] --START--
INFO: Run Behavior\BuildLiteBehavior [ RunTime:0.000027s ]
INFO: [ app_init ] --END-- [ RunTime:0.000762s ]
ERR: 无法加载模块:MovieGroup

[ 2016-08-24T12:46:17+08:00 ] 127.0.0.1 /MovieGroup/Public/Uploads/image/164722.25268777_1000X1000.jpg
INFO: [ app_init ] --START--
INFO: Run Behavior\BuildLiteBehavior [ RunTime:0.000024s ]
INFO: [ app_init ] --END-- [ RunTime:0.000611s ]
ERR: 无法加载模块:MovieGroup

[ 2016-08-24T12:46:17+08:00 ] 127.0.0.1 /MovieGroup/Public/Uploads/image/140732.49359995_1000X1000.jpg
INFO: [ app_init ] --START--
INFO: Run Behavior\BuildLiteBehavior [ RunTime:0.000028s ]
INFO: [ app_init ] --END-- [ RunTime:0.000700s ]
ERR: 无法加载模块:MovieGroup

[ 2016-08-24T12:46:17+08:00 ] 127.0.0.1 /MovieGroup/Public/Uploads/image/092907.99989246_1000X1000.jpg
INFO: [ app_init ] --START--
INFO: Run Behavior\BuildLiteBehavior [ RunTime:0.000025s ]
INFO: [ app_init ] --END-- [ RunTime:0.000613s ]
ERR: 无法加载模块:MovieGroup

[ 2016-08-24T12:49:39+08:00 ] 127.0.0.1 /MovieGroup/Public/Uploads/image/092907.99989246_1000X1000.jpg
INFO: [ app_init ] --START--
INFO: Run Behavior\BuildLiteBehavior [ RunTime:0.000026s ]
INFO: [ app_init ] --END-- [ RunTime:0.000731s ]
ERR: 无法加载模块:MovieGroup

[ 2016-08-24T12:49:39+08:00 ] 127.0.0.1 /MovieGroup/Public/Uploads/image/190438.47379980_1000X1000.jpg
INFO: [ app_init ] --START--
INFO: Run Behavior\BuildLiteBehavior [ RunTime:0.000023s ]
INFO: [ app_init ] --END-- [ RunTime:0.000705s ]
ERR: 无法加载模块:MovieGroup

[ 2016-08-24T12:49:39+08:00 ] 127.0.0.1 /MovieGroup/Public/Uploads/image/140732.49359995_1000X1000.jpg
INFO: [ app_init ] --START--
INFO: Run Behavior\BuildLiteBehavior [ RunTime:0.000027s ]
INFO: [ app_init ] --END-- [ RunTime:0.005714s ]
ERR: 无法加载模块:MovieGroup

[ 2016-08-24T12:49:39+08:00 ] 127.0.0.1 /MovieGroup/Public/Uploads/image/164722.25268777_1000X1000.jpg
INFO: [ app_init ] --START--
INFO: Run Behavior\BuildLiteBehavior [ RunTime:0.000021s ]
INFO: [ app_init ] --END-- [ RunTime:0.000585s ]
ERR: 无法加载模块:MovieGroup

[ 2016-08-24T12:49:39+08:00 ] 127.0.0.1 /MovieGroup/Public/Uploads/image/164722.25268777_1000X1000.jpg
INFO: [ app_init ] --START--
INFO: Run Behavior\BuildLiteBehavior [ RunTime:0.000025s ]
INFO: [ app_init ] --END-- [ RunTime:0.000616s ]
ERR: 无法加载模块:MovieGroup

[ 2016-08-24T12:49:39+08:00 ] 127.0.0.1 /MovieGroup/Public/Uploads/image/190438.47379980_1000X1000.jpg
INFO: [ app_init ] --START--
INFO: Run Behavior\BuildLiteBehavior [ RunTime:0.000029s ]
INFO: [ app_init ] --END-- [ RunTime:0.001542s ]
ERR: 无法加载模块:MovieGroup

[ 2016-08-24T12:49:39+08:00 ] 127.0.0.1 /MovieGroup/Public/Uploads/image/092907.99989246_1000X1000.jpg
INFO: [ app_init ] --START--
INFO: Run Behavior\BuildLiteBehavior [ RunTime:0.000034s ]
INFO: [ app_init ] --END-- [ RunTime:0.000957s ]
ERR: 无法加载模块:MovieGroup

[ 2016-08-24T12:49:39+08:00 ] 127.0.0.1 /MovieGroup/Public/Uploads/image/140732.49359995_1000X1000.jpg
INFO: [ app_init ] --START--
INFO: Run Behavior\BuildLiteBehavior [ RunTime:0.000026s ]
INFO: [ app_init ] --END-- [ RunTime:0.000657s ]
ERR: 无法加载模块:MovieGroup

[ 2016-08-24T13:04:45+08:00 ] 127.0.0.1 /MovieGroup/Public/Uploads/image/190438.47379980_1000X1000.jpg
INFO: [ app_init ] --START--
INFO: Run Behavior\BuildLiteBehavior [ RunTime:0.000025s ]
INFO: [ app_init ] --END-- [ RunTime:0.000744s ]
ERR: 无法加载模块:MovieGroup

[ 2016-08-24T13:04:45+08:00 ] 127.0.0.1 /MovieGroup/Public/Uploads/image/140732.49359995_1000X1000.jpg
INFO: [ app_init ] --START--
INFO: Run Behavior\BuildLiteBehavior [ RunTime:0.000028s ]
INFO: [ app_init ] --END-- [ RunTime:0.002763s ]
ERR: 无法加载模块:MovieGroup

[ 2016-08-24T13:04:45+08:00 ] 127.0.0.1 /MovieGroup/Public/Uploads/image/164722.25268777_1000X1000.jpg
INFO: [ app_init ] --START--
INFO: Run Behavior\BuildLiteBehavior [ RunTime:0.000025s ]
INFO: [ app_init ] --END-- [ RunTime:0.000688s ]
ERR: 无法加载模块:MovieGroup

[ 2016-08-24T13:04:45+08:00 ] 127.0.0.1 /MovieGroup/Public/Uploads/image/092907.99989246_1000X1000.jpg
INFO: [ app_init ] --START--
INFO: Run Behavior\BuildLiteBehavior [ RunTime:0.000021s ]
INFO: [ app_init ] --END-- [ RunTime:0.000559s ]
ERR: 无法加载模块:MovieGroup

[ 2016-08-24T13:04:45+08:00 ] 127.0.0.1 /MovieGroup/Public/Uploads/image/164722.25268777_1000X1000.jpg
INFO: [ app_init ] --START--
INFO: Run Behavior\BuildLiteBehavior [ RunTime:0.000027s ]
INFO: [ app_init ] --END-- [ RunTime:0.000610s ]
ERR: 无法加载模块:MovieGroup

[ 2016-08-24T13:04:45+08:00 ] 127.0.0.1 /MovieGroup/Public/Uploads/image/140732.49359995_1000X1000.jpg
INFO: [ app_init ] --START--
INFO: Run Behavior\BuildLiteBehavior [ RunTime:0.000028s ]
INFO: [ app_init ] --END-- [ RunTime:0.000680s ]
ERR: 无法加载模块:MovieGroup

[ 2016-08-24T13:04:45+08:00 ] 127.0.0.1 /MovieGroup/Public/Uploads/image/190438.47379980_1000X1000.jpg
INFO: [ app_init ] --START--
INFO: Run Behavior\BuildLiteBehavior [ RunTime:0.000031s ]
INFO: [ app_init ] --END-- [ RunTime:0.000878s ]
ERR: 无法加载模块:MovieGroup

[ 2016-08-24T13:04:45+08:00 ] 127.0.0.1 /MovieGroup/Public/Uploads/image/092907.99989246_1000X1000.jpg
INFO: [ app_init ] --START--
INFO: Run Behavior\BuildLiteBehavior [ RunTime:0.000031s ]
INFO: [ app_init ] --END-- [ RunTime:0.001010s ]
ERR: 无法加载模块:MovieGroup

[ 2016-08-24T13:06:44+08:00 ] 127.0.0.1 /MovieGroup/Public/HomePublic/picmovielist/050144.39204478_1000X1000.jpg
INFO: [ app_init ] --START--
INFO: Run Behavior\BuildLiteBehavior [ RunTime:0.000028s ]
INFO: [ app_init ] --END-- [ RunTime:0.000608s ]
ERR: 无法加载模块:MovieGroup

[ 2016-08-24T13:06:44+08:00 ] 127.0.0.1 /MovieGroup/Public/HomePublic/picmovielist/050151.64999931_1000X1000.jpg
INFO: [ app_init ] --START--
INFO: Run Behavior\BuildLiteBehavior [ RunTime:0.000029s ]
INFO: [ app_init ] --END-- [ RunTime:0.000760s ]
ERR: 无法加载模块:MovieGroup

[ 2016-08-24T13:06:44+08:00 ] 127.0.0.1 /MovieGroup/Public/HomePublic/picmovielist/050150.96637248_1000X1000.jpg
INFO: [ app_init ] --START--
INFO: Run Behavior\BuildLiteBehavior [ RunTime:0.000031s ]
INFO: [ app_init ] --END-- [ RunTime:0.000758s ]
ERR: 无法加载模块:MovieGroup

[ 2016-08-24T13:06:44+08:00 ] 127.0.0.1 /MovieGroup/Public/HomePublic/picmovielist/050151.93641544_1000X1000.jpg
INFO: [ app_init ] --START--
INFO: Run Behavior\BuildLiteBehavior [ RunTime:0.000029s ]
INFO: [ app_init ] --END-- [ RunTime:0.000999s ]
ERR: 无法加载模块:MovieGroup

[ 2016-08-24T13:06:44+08:00 ] 127.0.0.1 /MovieGroup/Public/HomePublic/picmovielist/050151.20572464_1000X1000.jpg
INFO: [ app_init ] --START--
INFO: Run Behavior\BuildLiteBehavior [ RunTime:0.000238s ]
INFO: [ app_init ] --END-- [ RunTime:0.001163s ]
ERR: 无法加载模块:MovieGroup

[ 2016-08-24T13:06:44+08:00 ] 127.0.0.1 /MovieGroup/Public/HomePublic/picmovielist/050151.91847293_1000X1000.jpg
INFO: [ app_init ] --START--
INFO: Run Behavior\BuildLiteBehavior [ RunTime:0.000026s ]
INFO: [ app_init ] --END-- [ RunTime:0.000692s ]
ERR: 无法加载模块:MovieGroup

[ 2016-08-24T13:33:52+08:00 ] 127.0.0.1 /ad/tongji.js
INFO: [ app_init ] --START--
INFO: Run Behavior\BuildLiteBehavior [ RunTime:0.000022s ]
INFO: [ app_init ] --END-- [ RunTime:0.000713s ]
ERR: 无法加载模块:Ad

[ 2016-08-24T13:33:52+08:00 ] 127.0.0.1 /template/m2014/js/layer/layer.js?v=1.93
INFO: [ app_init ] --START--
INFO: Run Behavior\BuildLiteBehavior [ RunTime:0.000020s ]
INFO: [ app_init ] --END-- [ RunTime:0.000552s ]
ERR: 无法加载模块:Template

[ 2016-08-24T13:33:52+08:00 ] 127.0.0.1 /ad/tongji.js
INFO: [ app_init ] --START--
INFO: Run Behavior\BuildLiteBehavior [ RunTime:0.000024s ]
INFO: [ app_init ] --END-- [ RunTime:0.000759s ]
ERR: 无法加载模块:Ad

[ 2016-08-24T13:33:52+08:00 ] 127.0.0.1 /template/m2014/js/layer/layer.js?v=1.93
INFO: [ app_init ] --START--
INFO: Run Behavior\BuildLiteBehavior [ RunTime:0.000017s ]
INFO: [ app_init ] --END-- [ RunTime:0.000498s ]
ERR: 无法加载模块:Template

[ 2016-08-24T13:35:22+08:00 ] 127.0.0.1 /xiazai/id23530.html
INFO: [ app_init ] --START--
INFO: Run Behavior\BuildLiteBehavior [ RunTime:0.000027s ]
INFO: [ app_init ] --END-- [ RunTime:0.000751s ]
ERR: 无法加载模块:Xiazai

[ 2016-08-24T13:36:51+08:00 ] 127.0.0.1 /ad/tongji.js
INFO: [ app_init ] --START--
INFO: Run Behavior\BuildLiteBehavior [ RunTime:0.000028s ]
INFO: [ app_init ] --END-- [ RunTime:0.000855s ]
ERR: 无法加载模块:Ad

[ 2016-08-24T13:36:51+08:00 ] 127.0.0.1 /template/m2014/js/layer/layer.js?v=1.93
INFO: [ app_init ] --START--
INFO: Run Behavior\BuildLiteBehavior [ RunTime:0.000027s ]
INFO: [ app_init ] --END-- [ RunTime:0.000737s ]
ERR: 无法加载模块:Template

[ 2016-08-24T13:36:51+08:00 ] 127.0.0.1 /ad/tongji.js
INFO: [ app_init ] --START--
INFO: Run Behavior\BuildLiteBehavior [ RunTime:0.000020s ]
INFO: [ app_init ] --END-- [ RunTime:0.000619s ]
ERR: 无法加载模块:Ad

[ 2016-08-24T13:36:51+08:00 ] 127.0.0.1 /template/m2014/js/layer/layer.js?v=1.93
INFO: [ app_init ] --START--
INFO: Run Behavior\BuildLiteBehavior [ RunTime:0.000020s ]
INFO: [ app_init ] --END-- [ RunTime:0.000606s ]
ERR: 无法加载模块:Template

[ 2016-08-24T13:37:57+08:00 ] 127.0.0.1 /ad/tongji.js
INFO: [ app_init ] --START--
INFO: Run Behavior\BuildLiteBehavior [ RunTime:0.000032s ]
INFO: [ app_init ] --END-- [ RunTime:0.001389s ]
ERR: 无法加载模块:Ad

[ 2016-08-24T13:37:57+08:00 ] 127.0.0.1 /template/m2014/js/layer/layer.js?v=1.93
INFO: [ app_init ] --START--
INFO: Run Behavior\BuildLiteBehavior [ RunTime:0.000025s ]
INFO: [ app_init ] --END-- [ RunTime:0.000655s ]
ERR: 无法加载模块:Template

[ 2016-08-24T13:37:58+08:00 ] 127.0.0.1 /ad/tongji.js
INFO: [ app_init ] --START--
INFO: Run Behavior\BuildLiteBehavior [ RunTime:0.000031s ]
INFO: [ app_init ] --END-- [ RunTime:0.000543s ]
ERR: 无法加载模块:Ad

[ 2016-08-24T13:37:58+08:00 ] 127.0.0.1 /template/m2014/js/layer/layer.js?v=1.93
INFO: [ app_init ] --START--
INFO: Run Behavior\BuildLiteBehavior [ RunTime:0.000021s ]
INFO: [ app_init ] --END-- [ RunTime:0.000615s ]
ERR: 无法加载模块:Template

[ 2016-08-24T13:39:02+08:00 ] 127.0.0.1 /ad/tongji.js
INFO: [ app_init ] --START--
INFO: Run Behavior\BuildLiteBehavior [ RunTime:0.000020s ]
INFO: [ app_init ] --END-- [ RunTime:0.000665s ]
ERR: 无法加载模块:Ad

[ 2016-08-24T13:39:02+08:00 ] 127.0.0.1 /template/m2014/js/layer/layer.js?v=1.93
INFO: [ app_init ] --START--
INFO: Run Behavior\BuildLiteBehavior [ RunTime:0.000021s ]
INFO: [ app_init ] --END-- [ RunTime:0.000571s ]
ERR: 无法加载模块:Template

[ 2016-08-24T13:39:03+08:00 ] 127.0.0.1 /ad/tongji.js
INFO: [ app_init ] --START--
INFO: Run Behavior\BuildLiteBehavior [ RunTime:0.000018s ]
INFO: [ app_init ] --END-- [ RunTime:0.000523s ]
ERR: 无法加载模块:Ad

[ 2016-08-24T13:39:03+08:00 ] 127.0.0.1 /template/m2014/js/layer/layer.js?v=1.93
INFO: [ app_init ] --START--
INFO: Run Behavior\BuildLiteBehavior [ RunTime:0.000018s ]
INFO: [ app_init ] --END-- [ RunTime:0.000510s ]
ERR: 无法加载模块:Template

[ 2016-08-24T13:39:21+08:00 ] 127.0.0.1 /ad/tongji.js
INFO: [ app_init ] --START--
INFO: Run Behavior\BuildLiteBehavior [ RunTime:0.000025s ]
INFO: [ app_init ] --END-- [ RunTime:0.000771s ]
ERR: 无法加载模块:Ad

[ 2016-08-24T13:39:21+08:00 ] 127.0.0.1 /template/m2014/js/layer/layer.js?v=1.93
INFO: [ app_init ] --START--
INFO: Run Behavior\BuildLiteBehavior [ RunTime:0.000028s ]
INFO: [ app_init ] --END-- [ RunTime:0.000737s ]
ERR: 无法加载模块:Template

[ 2016-08-24T13:39:22+08:00 ] 127.0.0.1 /ad/tongji.js
INFO: [ app_init ] --START--
INFO: Run Behavior\BuildLiteBehavior [ RunTime:0.000021s ]
INFO: [ app_init ] --END-- [ RunTime:0.000632s ]
ERR: 无法加载模块:Ad

[ 2016-08-24T13:39:22+08:00 ] 127.0.0.1 /template/m2014/js/layer/layer.js?v=1.93
INFO: [ app_init ] --START--
INFO: Run Behavior\BuildLiteBehavior [ RunTime:0.000021s ]
INFO: [ app_init ] --END-- [ RunTime:0.000611s ]
ERR: 无法加载模块:Template

[ 2016-08-24T13:40:05+08:00 ] 127.0.0.1 /xiazai/id23313.html
INFO: [ app_init ] --START--
INFO: Run Behavior\BuildLiteBehavior [ RunTime:0.000025s ]
INFO: [ app_init ] --END-- [ RunTime:0.000662s ]
ERR: 无法加载模块:Xiazai

[ 2016-08-24T13:43:00+08:00 ] 127.0.0.1 /ad/tongji.js
INFO: [ app_init ] --START--
INFO: Run Behavior\BuildLiteBehavior [ RunTime:0.000028s ]
INFO: [ app_init ] --END-- [ RunTime:0.000930s ]
ERR: 无法加载模块:Ad

[ 2016-08-24T13:43:00+08:00 ] 127.0.0.1 /template/m2014/js/layer/layer.js?v=1.93
INFO: [ app_init ] --START--
INFO: Run Behavior\BuildLiteBehavior [ RunTime:0.000029s ]
INFO: [ app_init ] --END-- [ RunTime:0.000750s ]
ERR: 无法加载模块:Template

[ 2016-08-24T13:43:01+08:00 ] 127.0.0.1 /ad/tongji.js
INFO: [ app_init ] --START--
INFO: Run Behavior\BuildLiteBehavior [ RunTime:0.000017s ]
INFO: [ app_init ] --END-- [ RunTime:0.000572s ]
ERR: 无法加载模块:Ad

[ 2016-08-24T13:43:01+08:00 ] 127.0.0.1 /template/m2014/js/layer/layer.js?v=1.93
INFO: [ app_init ] --START--
INFO: Run Behavior\BuildLiteBehavior [ RunTime:0.000017s ]
INFO: [ app_init ] --END-- [ RunTime:0.000507s ]
ERR: 无法加载模块:Template

[ 2016-08-24T13:43:21+08:00 ] 127.0.0.1 /template/m2014/js/layer/layer.js?v=1.93
INFO: [ app_init ] --START--
INFO: Run Behavior\BuildLiteBehavior [ RunTime:0.000030s ]
INFO: [ app_init ] --END-- [ RunTime:0.000772s ]
ERR: 无法加载模块:Template

[ 2016-08-24T13:43:21+08:00 ] 127.0.0.1 /ad/tongji.js
INFO: [ app_init ] --START--
INFO: Run Behavior\BuildLiteBehavior [ RunTime:0.000030s ]
INFO: [ app_init ] --END-- [ RunTime:0.001281s ]
ERR: 无法加载模块:Ad

[ 2016-08-24T13:43:22+08:00 ] 127.0.0.1 /ad/tongji.js
INFO: [ app_init ] --START--
INFO: Run Behavior\BuildLiteBehavior [ RunTime:0.000018s ]
INFO: [ app_init ] --END-- [ RunTime:0.000503s ]
ERR: 无法加载模块:Ad

[ 2016-08-24T13:43:22+08:00 ] 127.0.0.1 /template/m2014/js/layer/layer.js?v=1.93
INFO: [ app_init ] --START--
INFO: Run Behavior\BuildLiteBehavior [ RunTime:0.000017s ]
INFO: [ app_init ] --END-- [ RunTime:0.000589s ]
ERR: 无法加载模块:Template

[ 2016-08-24T13:49:09+08:00 ] 127.0.0.1 /ad/tongji.js
INFO: [ app_init ] --START--
INFO: Run Behavior\BuildLiteBehavior [ RunTime:0.000028s ]
INFO: [ app_init ] --END-- [ RunTime:0.000825s ]
ERR: 无法加载模块:Ad

[ 2016-08-24T13:49:09+08:00 ] 127.0.0.1 /template/m2014/js/layer/layer.js?v=1.93
INFO: [ app_init ] --START--
INFO: Run Behavior\BuildLiteBehavior [ RunTime:0.000023s ]
INFO: [ app_init ] --END-- [ RunTime:0.000622s ]
ERR: 无法加载模块:Template

[ 2016-08-24T13:49:09+08:00 ] 127.0.0.1 /ad/tongji.js
INFO: [ app_init ] --START--
INFO: Run Behavior\BuildLiteBehavior [ RunTime:0.000022s ]
INFO: [ app_init ] --END-- [ RunTime:0.000600s ]
ERR: 无法加载模块:Ad

[ 2016-08-24T13:49:09+08:00 ] 127.0.0.1 /template/m2014/js/layer/layer.js?v=1.93
INFO: [ app_init ] --START--
INFO: Run Behavior\BuildLiteBehavior [ RunTime:0.000018s ]
INFO: [ app_init ] --END-- [ RunTime:0.000503s ]
ERR: 无法加载模块:Template

[ 2016-08-24T13:49:40+08:00 ] 127.0.0.1 /ad/tongji.js
INFO: [ app_init ] --START--
INFO: Run Behavior\BuildLiteBehavior [ RunTime:0.000079s ]
INFO: [ app_init ] --END-- [ RunTime:0.001625s ]
ERR: 无法加载模块:Ad

[ 2016-08-24T13:49:40+08:00 ] 127.0.0.1 /template/m2014/js/layer/layer.js?v=1.93
INFO: [ app_init ] --START--
INFO: Run Behavior\BuildLiteBehavior [ RunTime:0.000028s ]
INFO: [ app_init ] --END-- [ RunTime:0.000675s ]
ERR: 无法加载模块:Template

[ 2016-08-24T13:49:40+08:00 ] 127.0.0.1 /ad/tongji.js
INFO: [ app_init ] --START--
INFO: Run Behavior\BuildLiteBehavior [ RunTime:0.000018s ]
INFO: [ app_init ] --END-- [ RunTime:0.000616s ]
ERR: 无法加载模块:Ad

[ 2016-08-24T13:49:40+08:00 ] 127.0.0.1 /template/m2014/js/layer/layer.js?v=1.93
INFO: [ app_init ] --START--
INFO: Run Behavior\BuildLiteBehavior [ RunTime:0.000028s ]
INFO: [ app_init ] --END-- [ RunTime:0.000827s ]
ERR: 无法加载模块:Template

[ 2016-08-24T13:50:20+08:00 ] 127.0.0.1 /ad/tongji.js
INFO: [ app_init ] --START--
INFO: Run Behavior\BuildLiteBehavior [ RunTime:0.000026s ]
INFO: [ app_init ] --END-- [ RunTime:0.000797s ]
ERR: 无法加载模块:Ad

[ 2016-08-24T13:50:20+08:00 ] 127.0.0.1 /template/m2014/js/layer/layer.js?v=1.93
INFO: [ app_init ] --START--
INFO: Run Behavior\BuildLiteBehavior [ RunTime:0.000021s ]
INFO: [ app_init ] --END-- [ RunTime:0.000570s ]
ERR: 无法加载模块:Template

[ 2016-08-24T13:50:21+08:00 ] 127.0.0.1 /ad/tongji.js
INFO: [ app_init ] --START--
INFO: Run Behavior\BuildLiteBehavior [ RunTime:0.000017s ]
INFO: [ app_init ] --END-- [ RunTime:0.000507s ]
ERR: 无法加载模块:Ad

[ 2016-08-24T13:50:21+08:00 ] 127.0.0.1 /template/m2014/js/layer/layer.js?v=1.93
INFO: [ app_init ] --START--
INFO: Run Behavior\BuildLiteBehavior [ RunTime:0.000037s ]
INFO: [ app_init ] --END-- [ RunTime:0.002491s ]
ERR: 无法加载模块:Template

[ 2016-08-24T13:50:44+08:00 ] 127.0.0.1 /ad/tongji.js
INFO: [ app_init ] --START--
INFO: Run Behavior\BuildLiteBehavior [ RunTime:0.000026s ]
INFO: [ app_init ] --END-- [ RunTime:0.000728s ]
ERR: 无法加载模块:Ad

[ 2016-08-24T13:50:44+08:00 ] 127.0.0.1 /template/m2014/js/layer/layer.js?v=1.93
INFO: [ app_init ] --START--
INFO: Run Behavior\BuildLiteBehavior [ RunTime:0.000023s ]
INFO: [ app_init ] --END-- [ RunTime:0.000594s ]
ERR: 无法加载模块:Template

[ 2016-08-24T13:50:45+08:00 ] 127.0.0.1 /ad/tongji.js
INFO: [ app_init ] --START--
INFO: Run Behavior\BuildLiteBehavior [ RunTime:0.000018s ]
INFO: [ app_init ] --END-- [ RunTime:0.000505s ]
ERR: 无法加载模块:Ad

[ 2016-08-24T13:50:45+08:00 ] 127.0.0.1 /template/m2014/js/layer/layer.js?v=1.93
INFO: [ app_init ] --START--
INFO: Run Behavior\BuildLiteBehavior [ RunTime:0.000033s ]
INFO: [ app_init ] --END-- [ RunTime:0.001232s ]
ERR: 无法加载模块:Template

[ 2016-08-24T13:54:44+08:00 ] 127.0.0.1 /ad/tongji.js
INFO: [ app_init ] --START--
INFO: Run Behavior\BuildLiteBehavior [ RunTime:0.000026s ]
INFO: [ app_init ] --END-- [ RunTime:0.000803s ]
ERR: 无法加载模块:Ad

[ 2016-08-24T13:54:44+08:00 ] 127.0.0.1 /template/m2014/js/layer/layer.js?v=1.93
INFO: [ app_init ] --START--
INFO: Run Behavior\BuildLiteBehavior [ RunTime:0.000023s ]
INFO: [ app_init ] --END-- [ RunTime:0.000735s ]
ERR: 无法加载模块:Template

[ 2016-08-24T13:54:45+08:00 ] 127.0.0.1 /ad/tongji.js
INFO: [ app_init ] --START--
INFO: Run Behavior\BuildLiteBehavior [ RunTime:0.000021s ]
INFO: [ app_init ] --END-- [ RunTime:0.000720s ]
ERR: 无法加载模块:Ad

[ 2016-08-24T13:54:45+08:00 ] 127.0.0.1 /template/m2014/js/layer/layer.js?v=1.93
INFO: [ app_init ] --START--
INFO: Run Behavior\BuildLiteBehavior [ RunTime:0.000021s ]
INFO: [ app_init ] --END-- [ RunTime:0.000646s ]
ERR: 无法加载模块:Template

[ 2016-08-24T14:05:16+08:00 ] 127.0.0.1 /ad/tongji.js
INFO: [ app_init ] --START--
INFO: Run Behavior\BuildLiteBehavior [ RunTime:0.000027s ]
INFO: [ app_init ] --END-- [ RunTime:0.000974s ]
ERR: 无法加载模块:Ad

[ 2016-08-24T14:05:16+08:00 ] 127.0.0.1 /template/m2014/js/layer/layer.js?v=1.93
INFO: [ app_init ] --START--
INFO: Run Behavior\BuildLiteBehavior [ RunTime:0.000025s ]
INFO: [ app_init ] --END-- [ RunTime:0.000649s ]
ERR: 无法加载模块:Template

[ 2016-08-24T14:05:16+08:00 ] 127.0.0.1 /ad/tongji.js
INFO: [ app_init ] --START--
INFO: Run Behavior\BuildLiteBehavior [ RunTime:0.000025s ]
INFO: [ app_init ] --END-- [ RunTime:0.000754s ]
ERR: 无法加载模块:Ad

[ 2016-08-24T14:05:16+08:00 ] 127.0.0.1 /template/m2014/js/layer/layer.js?v=1.93
INFO: [ app_init ] --START--
INFO: Run Behavior\BuildLiteBehavior [ RunTime:0.000023s ]
INFO: [ app_init ] --END-- [ RunTime:0.000697s ]
ERR: 无法加载模块:Template

[ 2016-08-24T14:06:01+08:00 ] 127.0.0.1 /ad/tongji.js
INFO: [ app_init ] --START--
INFO: Run Behavior\BuildLiteBehavior [ RunTime:0.000054s ]
INFO: [ app_init ] --END-- [ RunTime:0.001560s ]
ERR: 无法加载模块:Ad

[ 2016-08-24T14:06:01+08:00 ] 127.0.0.1 /template/m2014/js/layer/layer.js?v=1.93
INFO: [ app_init ] --START--
INFO: Run Behavior\BuildLiteBehavior [ RunTime:0.000037s ]
INFO: [ app_init ] --END-- [ RunTime:0.001141s ]
ERR: 无法加载模块:Template

[ 2016-08-24T14:06:01+08:00 ] 127.0.0.1 /template/m2014/js/layer/layer.js?v=1.93
INFO: [ app_init ] --START--
INFO: Run Behavior\BuildLiteBehavior [ RunTime:0.000018s ]
INFO: [ app_init ] --END-- [ RunTime:0.000510s ]
ERR: 无法加载模块:Template

[ 2016-08-24T14:11:35+08:00 ] 127.0.0.1 /ad/tongji.js
INFO: [ app_init ] --START--
INFO: Run Behavior\BuildLiteBehavior [ RunTime:0.000025s ]
INFO: [ app_init ] --END-- [ RunTime:0.000720s ]
ERR: 无法加载模块:Ad

[ 2016-08-24T14:11:35+08:00 ] 127.0.0.1 /template/m2014/js/layer/layer.js?v=1.93
INFO: [ app_init ] --START--
INFO: Run Behavior\BuildLiteBehavior [ RunTime:0.000027s ]
INFO: [ app_init ] --END-- [ RunTime:0.000903s ]
ERR: 无法加载模块:Template

[ 2016-08-24T14:11:35+08:00 ] 127.0.0.1 /ad/tongji.js
INFO: [ app_init ] --START--
INFO: Run Behavior\BuildLiteBehavior [ RunTime:0.000066s ]
INFO: [ app_init ] --END-- [ RunTime:0.000759s ]
ERR: 无法加载模块:Ad

[ 2016-08-24T14:11:35+08:00 ] 127.0.0.1 /template/m2014/js/layer/layer.js?v=1.93
INFO: [ app_init ] --START--
INFO: Run Behavior\BuildLiteBehavior [ RunTime:0.000020s ]
INFO: [ app_init ] --END-- [ RunTime:0.000602s ]
ERR: 无法加载模块:Template

[ 2016-08-24T14:16:21+08:00 ] 127.0.0.1 /ad/tongji.js
INFO: [ app_init ] --START--
INFO: Run Behavior\BuildLiteBehavior [ RunTime:0.000021s ]
INFO: [ app_init ] --END-- [ RunTime:0.000629s ]
ERR: 无法加载模块:Ad

[ 2016-08-24T14:16:21+08:00 ] 127.0.0.1 /template/m2014/js/layer/layer.js?v=1.93
INFO: [ app_init ] --START--
INFO: Run Behavior\BuildLiteBehavior [ RunTime:0.000027s ]
INFO: [ app_init ] --END-- [ RunTime:0.000746s ]
ERR: 无法加载模块:Template

[ 2016-08-24T14:16:21+08:00 ] 127.0.0.1 /template/m2014/js/layer/layer.js?v=1.93
INFO: [ app_init ] --START--
INFO: Run Behavior\BuildLiteBehavior [ RunTime:0.000017s ]
INFO: [ app_init ] --END-- [ RunTime:0.000508s ]
ERR: 无法加载模块:Template

[ 2016-08-24T14:28:41+08:00 ] 127.0.0.1 /ad/tongji.js
INFO: [ app_init ] --START--
INFO: Run Behavior\BuildLiteBehavior [ RunTime:0.000028s ]
INFO: [ app_init ] --END-- [ RunTime:0.000904s ]
ERR: 无法加载模块:Ad

[ 2016-08-24T14:28:41+08:00 ] 127.0.0.1 /template/m2014/js/layer/layer.js?v=1.93
INFO: [ app_init ] --START--
INFO: Run Behavior\BuildLiteBehavior [ RunTime:0.000027s ]
INFO: [ app_init ] --END-- [ RunTime:0.000728s ]
ERR: 无法加载模块:Template

[ 2016-08-24T14:28:41+08:00 ] 127.0.0.1 /ad/tongji.js
INFO: [ app_init ] --START--
INFO: Run Behavior\BuildLiteBehavior [ RunTime:0.000034s ]
INFO: [ app_init ] --END-- [ RunTime:0.000924s ]
ERR: 无法加载模块:Ad

[ 2016-08-24T14:28:41+08:00 ] 127.0.0.1 /template/m2014/js/layer/layer.js?v=1.93
INFO: [ app_init ] --START--
INFO: Run Behavior\BuildLiteBehavior [ RunTime:0.000023s ]
INFO: [ app_init ] --END-- [ RunTime:0.000872s ]
ERR: 无法加载模块:Template

